<?xml version="1.0" encoding="UTF-8"?>
<!-- Generated by org.testng.reporters.JUnitReportReporter -->
<testsuite hostname="DESKTOP-5JSVSGO" failures="0" tests="1" name="SignUpTests" time="4.528" errors="0" timestamp="2020-09-18T15:41:21 EEST" skipped="0">
  <testcase classname="SignUpTests" name="signUpWithMissingBirthDate" time="4.528"/>
  <system-out/>
</testsuite> <!-- SignUpTests -->
